# JRE version: OpenJDK Runtime Environment (15.0.1+9) (build 15.0.1+9-18)
# Java VM: OpenJDK 64-Bit Server VM (15.0.1+9-18, mixed mode, sharing, tiered, compressed oops, g1 gc, windows-amd64)
GC Precious Log:
 CPUs: 8 total, 8 available
 Memory: 16226M
 Large Page Support: Disabled
 NUMA Support: Disabled
 Compressed Oops: Enabled (Zero based)
 Heap Region Size: 2M
 Heap Min Capacity: 8M
 Heap Initial Capacity: 254M
 Heap Max Capacity: 4058M
 Pre-touch: Disabled
 Parallel Workers: 8
 Concurrent Workers: 2
 Concurrent Refinement Workers: 8
 Periodic GC: Disabled
Heap:
 garbage-first heap   total 77824K, used 29572K [0x0000000702600000, 0x0000000800000000)
  region size 2048K, 4 young (8192K), 3 survivors (6144K)
 Metaspace       used 22967K, capacity 23349K, committed 23472K, reserved 1069056K
  class space    used 2942K, capacity 3039K, committed 3072K, reserved 1048576K
GC Heap History (8 events):
Event: 0.591 GC heap before
{Heap before GC invocations=0 (full 0):
 garbage-first heap   total 260096K, used 22528K [0x0000000702600000, 0x0000000800000000)
  region size 2048K, 11 young (22528K), 0 survivors (0K)
 Metaspace       used 2804K, capacity 5350K, committed 5504K, reserved 1056768K
  class space    used 303K, capacity 525K, committed 640K, reserved 1048576K
}
Event: 0.593 GC heap after
{Heap after GC invocations=1 (full 0):
 garbage-first heap   total 260096K, used 2069K [0x0000000702600000, 0x0000000800000000)
  region size 2048K, 2 young (4096K), 2 survivors (4096K)
 Metaspace       used 2804K, capacity 5350K, committed 5504K, reserved 1056768K
  class space    used 303K, capacity 525K, committed 640K, reserved 1048576K
}
Event: 10.181 GC heap before
{Heap before GC invocations=1 (full 0):
 garbage-first heap   total 260096K, used 43029K [0x0000000702600000, 0x0000000800000000)
  region size 2048K, 21 young (43008K), 2 survivors (4096K)
 Metaspace       used 11812K, capacity 12106K, committed 12416K, reserved 1060864K
  class space    used 1524K, capacity 1601K, committed 1664K, reserved 1048576K
}
Event: 10.186 GC heap after
{Heap after GC invocations=2 (full 0):
 garbage-first heap   total 260096K, used 11114K [0x0000000702600000, 0x0000000800000000)
  region size 2048K, 3 young (6144K), 3 survivors (6144K)
 Metaspace       used 11812K, capacity 12106K, committed 12416K, reserved 1060864K
  class space    used 1524K, capacity 1601K, committed 1664K, reserved 1048576K
}
Event: 11.613 GC heap before
{Heap before GC invocations=2 (full 0):
 garbage-first heap   total 260096K, used 56170K [0x0000000702600000, 0x0000000800000000)
  region size 2048K, 27 young (55296K), 3 survivors (6144K)
 Metaspace       used 20791K, capacity 21088K, committed 21296K, reserved 1067008K
  class space    used 2720K, capacity 2824K, committed 2944K, reserved 1048576K
}
Event: 11.621 GC heap after
{Heap after GC invocations=3 (full 0):
 garbage-first heap   total 260096K, used 17742K [0x0000000702600000, 0x0000000800000000)
  region size 2048K, 7 young (14336K), 7 survivors (14336K)
 Metaspace       used 20791K, capacity 21088K, committed 21296K, reserved 1067008K
  class space    used 2720K, capacity 2824K, committed 2944K, reserved 1048576K
}
Event: 185.547 GC heap before
{Heap before GC invocations=4 (full 0):
 garbage-first heap   total 75776K, used 54606K [0x0000000702600000, 0x0000000800000000)
  region size 2048K, 22 young (45056K), 7 survivors (14336K)
 Metaspace       used 22955K, capacity 23349K, committed 23472K, reserved 1069056K
  class space    used 2940K, capacity 3039K, committed 3072K, reserved 1048576K
}
Event: 185.560 GC heap after
{Heap after GC invocations=5 (full 0):
 garbage-first heap   total 77824K, used 29572K [0x0000000702600000, 0x0000000800000000)
  region size 2048K, 3 young (6144K), 3 survivors (6144K)
 Metaspace       used 22955K, capacity 23349K, committed 23472K, reserved 1069056K
  class space    used 2940K, capacity 3039K, committed 3072K, reserved 1048576K
}

