# JRE version: OpenJDK Runtime Environment (15.0.1+9) (build 15.0.1+9-18)
# Java VM: OpenJDK 64-Bit Server VM (15.0.1+9-18, mixed mode, sharing, tiered, compressed oops, g1 gc, windows-amd64)
GC Precious Log:
 CPUs: 8 total, 8 available
 Memory: 16226M
 Large Page Support: Disabled
 NUMA Support: Disabled
 Compressed Oops: Enabled (Zero based)
 Heap Region Size: 2M
 Heap Min Capacity: 8M
 Heap Initial Capacity: 254M
 Heap Max Capacity: 4058M
 Pre-touch: Disabled
 Parallel Workers: 8
 Concurrent Workers: 2
 Concurrent Refinement Workers: 8
 Periodic GC: Disabled
Heap:
 garbage-first heap   total 75776K, used 35587K [0x0000000702600000, 0x0000000800000000)
  region size 2048K, 7 young (14336K), 3 survivors (6144K)
 Metaspace       used 23160K, capacity 23549K, committed 23856K, reserved 1071104K
  class space    used 2971K, capacity 3092K, committed 3200K, reserved 1048576K
GC Heap History (8 events):
Event: 0.601 GC heap before
{Heap before GC invocations=0 (full 0):
 garbage-first heap   total 260096K, used 22528K [0x0000000702600000, 0x0000000800000000)
  region size 2048K, 11 young (22528K), 0 survivors (0K)
 Metaspace       used 2807K, capacity 5350K, committed 5504K, reserved 1056768K
  class space    used 304K, capacity 525K, committed 640K, reserved 1048576K
}
Event: 0.604 GC heap after
{Heap after GC invocations=1 (full 0):
 garbage-first heap   total 260096K, used 2035K [0x0000000702600000, 0x0000000800000000)
  region size 2048K, 1 young (2048K), 1 survivors (2048K)
 Metaspace       used 2807K, capacity 5350K, committed 5504K, reserved 1056768K
  class space    used 304K, capacity 525K, committed 640K, reserved 1048576K
}
Event: 5.246 GC heap before
{Heap before GC invocations=1 (full 0):
 garbage-first heap   total 260096K, used 40947K [0x0000000702600000, 0x0000000800000000)
  region size 2048K, 19 young (38912K), 1 survivors (2048K)
 Metaspace       used 11434K, capacity 11745K, committed 11904K, reserved 1058816K
  class space    used 1497K, capacity 1569K, committed 1664K, reserved 1048576K
}
Event: 5.251 GC heap after
{Heap after GC invocations=2 (full 0):
 garbage-first heap   total 260096K, used 11036K [0x0000000702600000, 0x0000000800000000)
  region size 2048K, 3 young (6144K), 3 survivors (6144K)
 Metaspace       used 11434K, capacity 11745K, committed 11904K, reserved 1058816K
  class space    used 1497K, capacity 1569K, committed 1664K, reserved 1048576K
}
Event: 8.812 GC heap before
{Heap before GC invocations=2 (full 0):
 garbage-first heap   total 260096K, used 62236K [0x0000000702600000, 0x0000000800000000)
  region size 2048K, 29 young (59392K), 3 survivors (6144K)
 Metaspace       used 20780K, capacity 21100K, committed 21296K, reserved 1067008K
  class space    used 2717K, capacity 2824K, committed 2944K, reserved 1048576K
}
Event: 8.821 GC heap after
{Heap after GC invocations=3 (full 0):
 garbage-first heap   total 260096K, used 17649K [0x0000000702600000, 0x0000000800000000)
  region size 2048K, 7 young (14336K), 7 survivors (14336K)
 Metaspace       used 20780K, capacity 21100K, committed 21296K, reserved 1067008K
  class space    used 2717K, capacity 2824K, committed 2944K, reserved 1048576K
}
Event: 102.579 GC heap before
{Heap before GC invocations=4 (full 0):
 garbage-first heap   total 75776K, used 54513K [0x0000000702600000, 0x0000000800000000)
  region size 2048K, 22 young (45056K), 7 survivors (14336K)
 Metaspace       used 23027K, capacity 23398K, committed 23472K, reserved 1069056K
  class space    used 2945K, capacity 3049K, committed 3072K, reserved 1048576K
}
Event: 102.592 GC heap after
{Heap after GC invocations=5 (full 0):
 garbage-first heap   total 75776K, used 29443K [0x0000000702600000, 0x0000000800000000)
  region size 2048K, 3 young (6144K), 3 survivors (6144K)
 Metaspace       used 23027K, capacity 23398K, committed 23472K, reserved 1069056K
  class space    used 2945K, capacity 3049K, committed 3072K, reserved 1048576K
}

